cl : 命令行 warning D9035: “Gm”选项已否决，并将在将来的版本中移除
  StdAfx.cpp
cl : 命令行 warning D9035: “Gm”选项已否决，并将在将来的版本中移除
  XzIn.c
  XzEnc.c
  XzDec.c
  XzCrc64Opt.c
  XzCrc64.c
  Xz.c
  Threads.c
  Sort.c
  Sha256.c
  Sha1.c
  Ppmd8Enc.c
  Ppmd8Dec.c
  Ppmd8.c
  Ppmd7Enc.c
  Ppmd7Dec.c
  Ppmd7.c
  MtCoder.c
  LzmaEnc.c
  LzmaDec.c
  Lzma2Enc.c
  正在生成代码...
  正在编译...
  Lzma2Dec.c
  LzFindMt.c
  LzFind.c
  HuffEnc.c
  Delta.c
  CpuArch.c
  BwtSort.c
  BraIA64.c
  Bra86.c
  Bra.c
  Bcj2Enc.c
  Bcj2.c
  Alloc.c
  AesOpt.c
  Aes.c
  7zStream.c
  7zCrcOpt.c
  7zCrc.c
  正在生成代码...
cl : 命令行 warning D9035: “Gm”选项已否决，并将在将来的版本中移除
  UserInputUtils.cpp
  UpdateCallbackConsole.cpp
  PercentPrinter.cpp
  OpenCallbackConsole.cpp
  MainAr.cpp
  Main.cpp
  List.cpp
  HashCon.cpp
  ExtractCallbackConsole.cpp
  ConsoleClose.cpp
  BenchCon.cpp
  UpdateProduce.cpp
  UpdatePair.cpp
  UpdateCallback.cpp
  UpdateAction.cpp
  Update.cpp
  TempFiles.cpp
  SortUtils.cpp
  SetProperties.cpp
  PropIDUtils.cpp
  正在生成代码...
  正在编译...
  OpenArchive.cpp
  LoadCodecs.cpp
  HashCalc.cpp
  ExtractingFilePath.cpp
  Extract.cpp
  EnumDirItems.cpp
  DefaultName.cpp
  Bench.cpp
  ArchiveOpenCallback.cpp
  ArchiveExtractCallback.cpp
  ArchiveCommandLine.cpp
  ZipStrong.cpp
  ZipCrypto.cpp
  WzAes.cpp
  RandGen.cpp
  Pbkdf2HmacSha1.cpp
  MyAesReg.cpp
  MyAes.cpp
  HmacSha1.cpp
  7zAesRegister.cpp
  正在生成代码...
  正在编译...
  7zAes.cpp
  ZDecoder.cpp
  ShrinkDecoder.cpp
  QuantumDecoder.cpp
  PpmdZip.cpp
  PpmdRegister.cpp
  PpmdEncoder.cpp
  PpmdDecoder.cpp
  LzxDecoder.cpp
  LzOutWindow.cpp
  LzmaRegister.cpp
  LzmaEncoder.cpp
  LzmaDecoder.cpp
  Lzma2Register.cpp
  Lzma2Encoder.cpp
  Lzma2Decoder.cpp
  ImplodeHuffmanDecoder.cpp
  ImplodeDecoder.cpp
  DeltaFilter.cpp
  DeflateRegister.cpp
  正在生成代码...
  正在编译...
  DeflateEncoder.cpp
  DeflateDecoder.cpp
  Deflate64Register.cpp
  CopyRegister.cpp
  CopyCoder.cpp
  BZip2Register.cpp
  BZip2Encoder.cpp
  BZip2Decoder.cpp
  BZip2Crc.cpp
  ByteSwap.cpp
  BranchRegister.cpp
  BranchMisc.cpp
  BitlDecoder.cpp
  BcjRegister.cpp
  BcjCoder.cpp
  Bcj2Register.cpp
  Bcj2Coder.cpp
  VirtThread.cpp
  UniqBlocks.cpp
  StreamUtils.cpp
  正在生成代码...
  正在编译...
  StreamObjects.cpp
  StreamBinder.cpp
  PropId.cpp
  ProgressUtils.cpp
  ProgressMt.cpp
  OutMemStream.cpp
  OutBuffer.cpp
  OffsetStream.cpp
  MethodProps.cpp
  MethodId.cpp
  MemBlocks.cpp
  LockedStream.cpp
  LimitedStreams.cpp
  InOutTempBuffer.cpp
  InBuffer.cpp
  FilterCoder.cpp
  FileStreams.cpp
  FilePathAutoRename.cpp
  CWrappers.cpp
  CreateCoder.cpp
  正在生成代码...
  正在编译...
  ZipUpdate.cpp
  ZipRegister.cpp
  ZipOut.cpp
  ZipItem.cpp
  ZipIn.cpp
  ZipHandlerOut.cpp
  ZipHandler.cpp
  ZipAddCommon.cpp
  ZHandler.cpp
  XzHandler.cpp
  TarUpdate.cpp
  TarRegister.cpp
  TarOut.cpp
  TarIn.cpp
  TarHeader.cpp
  TarHandlerOut.cpp
  TarHandler.cpp
  SplitHandler.cpp
  LzmaHandler.cpp
  GzHandler.cpp
  正在生成代码...
  正在编译...
  DeflateProps.cpp
  ParseProperties.cpp
  OutStreamWithCRC.cpp
  MultiStream.cpp
  ItemNameUtils.cpp
  InStreamWithCRC.cpp
  HandlerOut.cpp
  FindSignature.cpp
  DummyOutStream.cpp
  CoderMixer2.cpp
  CabRegister.cpp
  CabIn.cpp
  CabHeader.cpp
  CabHandler.cpp
  CabBlockInStream.cpp
  Bz2Handler.cpp
  7zUpdate.cpp
  7zSpecStream.cpp
  7zRegister.cpp
  7zProperties.cpp
  正在生成代码...
  正在编译...
  7zOut.cpp
  7zIn.cpp
  7zHeader.cpp
  7zHandlerOut.cpp
  7zHandler.cpp
  7zFolderInStream.cpp
  7zExtract.cpp
  7zEncode.cpp
  7zDecode.cpp
  7zCompressionMode.cpp
  TimeUtils.cpp
  System.cpp
  Synchronization.cpp
  PropVariantConv.cpp
  PropVariant.cpp
  MemoryLock.cpp
  FileSystem.cpp
  FileName.cpp
  FileLink.cpp
  FileIO.cpp
  正在生成代码...
  正在编译...
  FileFind.cpp
  FileDir.cpp
  ErrorMsg.cpp
  DLL.cpp
  XzCrc64Reg.cpp
  Wildcard.cpp
  UTFConvert.cpp
  StringToInt.cpp
  StringConvert.cpp
  StdOutStream.cpp
  StdInStream.cpp
  Sha256Reg.cpp
  Sha1Reg.cpp
  NewHandler.cpp
  MyVector.cpp
  MyString.cpp
  ListFileUtils.cpp
  IntToString.cpp
  CrcReg.cpp
  CRC.cpp
  正在生成代码...
  正在编译...
  CommandLineParser.cpp
  正在生成代码...
  Alone.vcxproj -> D:\daq\work\7zip\code\CPP\7zip\Bundles\Alone\.\Debug\facemake.exe
